02/18/2022 10:37:44 - Cadastrando digital na posição 4
02/18/2022 10:38:11 - Imagem da digital capturada
02/18/2022 10:38:11 - Imagem da digital registrada na memória
02/18/2022 10:38:12 - Repetindo a leitura da digital na posição 4 para cadastro
02/18/2022 10:38:52 - Imagem da digital capturada
02/18/2022 10:38:52 - Imagem da digital registrada na memória
02/18/2022 10:38:52 - Modelo criado
02/18/2022 10:38:52 - Salvando modelo na posição #4...
02/18/2022 10:46:50 - Posições ocupadas na memória [0, 1, 4, 10, 12]
02/18/2022 10:48:59 - Posições ocupadas na memória [0, 1, 4, 10, 12]
02/18/2022 10:48:59 - A digital 0 foi excluída da memória
02/18/2022 10:49:23 - Posições ocupadas na memória [1, 4, 10, 12]
02/18/2022 10:49:23 - A digital 1 foi excluída da memória
02/18/2022 10:49:41 - Posições ocupadas na memória [4, 10, 12]
02/18/2022 10:50:03 - Posições ocupadas na memória []
02/18/2022 10:50:37 - Posições ocupadas na memória []
02/18/2022 10:51:48 - INFO - - Posições ocupadas na memória []
02/18/2022 10:52:01 - INFO - Posições ocupadas na memória []
02/18/2022 10:52:21 - INFO Todas as digitais foram excluídas
02/18/2022 10:52:54 - INFO - Todas as digitais foram excluídas
